<?xml version="1.0" encoding="UTF-8"?>
<!-- Generated by org.testng.reporters.JUnitXMLReporter -->
<testsuite ignored="25" hostname="Indra" failures="5" tests="5" name="Default test" time="110.102" errors="0" timestamp="2025-03-07T01:09:43 IST">
  <testcase classname="tutorialsninja.tests.Register" name="verifyRegisteringAccountByCheckingThePasswordStandards" time="7.846">
    <failure type="java.lang.AssertionError" message="Password complexity error message is missing: This is a bug.">
      <![CDATA[java.lang.AssertionError: Password complexity error message is missing: This is a bug.
at org.testng.Assert.fail(Assert.java:111)
at tutorialsninja.tests.Register.verifyRegisteringAccountByCheckingThePasswordStandards(Register.java:551)
at java.base/jdk.internal.reflect.DirectMethodHandleAccessor.invoke(DirectMethodHandleAccessor.java:103)
at java.base/java.lang.reflect.Method.invoke(Method.java:580)
at org.testng.internal.invokers.MethodInvocationHelper.invokeMethod(MethodInvocationHelper.java:141)
at org.testng.internal.invokers.TestInvoker.invokeMethod(TestInvoker.java:686)
at org.testng.internal.invokers.TestInvoker.invokeTestMethod(TestInvoker.java:230)
at org.testng.internal.invokers.MethodRunner.runInSequence(MethodRunner.java:63)
at org.testng.internal.invokers.TestInvoker$MethodInvocationAgent.invoke(TestInvoker.java:992)
at org.testng.internal.invokers.TestInvoker.invokeTestMethods(TestInvoker.java:203)
at org.testng.internal.invokers.TestMethodWorker.invokeTestMethods(TestMethodWorker.java:154)
at org.testng.internal.invokers.TestMethodWorker.run(TestMethodWorker.java:134)
at java.base/java.util.ArrayList.forEach(ArrayList.java:1596)
at org.testng.TestRunner.privateRun(TestRunner.java:739)
at org.testng.TestRunner.run(TestRunner.java:614)
at org.testng.SuiteRunner.runTest(SuiteRunner.java:421)
at org.testng.SuiteRunner.runSequentially(SuiteRunner.java:413)
at org.testng.SuiteRunner.privateRun(SuiteRunner.java:373)
at org.testng.SuiteRunner.run(SuiteRunner.java:312)
at org.testng.SuiteRunnerWorker.runSuite(SuiteRunnerWorker.java:52)
at org.testng.SuiteRunnerWorker.run(SuiteRunnerWorker.java:95)
at org.testng.TestNG.runSuitesSequentially(TestNG.java:1274)
at org.testng.TestNG.runSuitesLocally(TestNG.java:1208)
at org.testng.TestNG.runSuites(TestNG.java:1112)
at org.testng.TestNG.run(TestNG.java:1079)
at org.testng.remote.AbstractRemoteTestNG.run(AbstractRemoteTestNG.java:115)
at org.testng.remote.RemoteTestNG.initAndRun(RemoteTestNG.java:293)
at org.testng.remote.RemoteTestNG.main(RemoteTestNG.java:91)
]]>
    </failure>
  </testcase> <!-- verifyRegisteringAccountByCheckingThePasswordStandards -->
  <testcase classname="tutorialsninja.tests.Register" name="verifyRegisteringAccountByCheckingThePasswordStandards" time="5.406">
    <failure type="java.lang.AssertionError" message="Password complexity error message is missing: This is a bug.">
      <![CDATA[java.lang.AssertionError: Password complexity error message is missing: This is a bug.
at org.testng.Assert.fail(Assert.java:111)
at tutorialsninja.tests.Register.verifyRegisteringAccountByCheckingThePasswordStandards(Register.java:551)
at java.base/jdk.internal.reflect.DirectMethodHandleAccessor.invoke(DirectMethodHandleAccessor.java:103)
at java.base/java.lang.reflect.Method.invoke(Method.java:580)
at org.testng.internal.invokers.MethodInvocationHelper.invokeMethod(MethodInvocationHelper.java:141)
at org.testng.internal.invokers.TestInvoker.invokeMethod(TestInvoker.java:686)
at org.testng.internal.invokers.TestInvoker.invokeTestMethod(TestInvoker.java:230)
at org.testng.internal.invokers.MethodRunner.runInSequence(MethodRunner.java:63)
at org.testng.internal.invokers.TestInvoker$MethodInvocationAgent.invoke(TestInvoker.java:992)
at org.testng.internal.invokers.TestInvoker.invokeTestMethods(TestInvoker.java:203)
at org.testng.internal.invokers.TestMethodWorker.invokeTestMethods(TestMethodWorker.java:154)
at org.testng.internal.invokers.TestMethodWorker.run(TestMethodWorker.java:134)
at java.base/java.util.ArrayList.forEach(ArrayList.java:1596)
at org.testng.TestRunner.privateRun(TestRunner.java:739)
at org.testng.TestRunner.run(TestRunner.java:614)
at org.testng.SuiteRunner.runTest(SuiteRunner.java:421)
at org.testng.SuiteRunner.runSequentially(SuiteRunner.java:413)
at org.testng.SuiteRunner.privateRun(SuiteRunner.java:373)
at org.testng.SuiteRunner.run(SuiteRunner.java:312)
at org.testng.SuiteRunnerWorker.runSuite(SuiteRunnerWorker.java:52)
at org.testng.SuiteRunnerWorker.run(SuiteRunnerWorker.java:95)
at org.testng.TestNG.runSuitesSequentially(TestNG.java:1274)
at org.testng.TestNG.runSuitesLocally(TestNG.java:1208)
at org.testng.TestNG.runSuites(TestNG.java:1112)
at org.testng.TestNG.run(TestNG.java:1079)
at org.testng.remote.AbstractRemoteTestNG.run(AbstractRemoteTestNG.java:115)
at org.testng.remote.RemoteTestNG.initAndRun(RemoteTestNG.java:293)
at org.testng.remote.RemoteTestNG.main(RemoteTestNG.java:91)
]]>
    </failure>
  </testcase> <!-- verifyRegisteringAccountByCheckingThePasswordStandards -->
  <testcase classname="tutorialsninja.tests.Register" name="verifyRegisteringAccountByCheckingThePasswordStandards" time="7.356">
    <failure type="java.lang.AssertionError" message="Password complexity error message is missing: This is a bug.">
      <![CDATA[java.lang.AssertionError: Password complexity error message is missing: This is a bug.
at org.testng.Assert.fail(Assert.java:111)
at tutorialsninja.tests.Register.verifyRegisteringAccountByCheckingThePasswordStandards(Register.java:551)
at java.base/jdk.internal.reflect.DirectMethodHandleAccessor.invoke(DirectMethodHandleAccessor.java:103)
at java.base/java.lang.reflect.Method.invoke(Method.java:580)
at org.testng.internal.invokers.MethodInvocationHelper.invokeMethod(MethodInvocationHelper.java:141)
at org.testng.internal.invokers.TestInvoker.invokeMethod(TestInvoker.java:686)
at org.testng.internal.invokers.TestInvoker.invokeTestMethod(TestInvoker.java:230)
at org.testng.internal.invokers.MethodRunner.runInSequence(MethodRunner.java:63)
at org.testng.internal.invokers.TestInvoker$MethodInvocationAgent.invoke(TestInvoker.java:992)
at org.testng.internal.invokers.TestInvoker.invokeTestMethods(TestInvoker.java:203)
at org.testng.internal.invokers.TestMethodWorker.invokeTestMethods(TestMethodWorker.java:154)
at org.testng.internal.invokers.TestMethodWorker.run(TestMethodWorker.java:134)
at java.base/java.util.ArrayList.forEach(ArrayList.java:1596)
at org.testng.TestRunner.privateRun(TestRunner.java:739)
at org.testng.TestRunner.run(TestRunner.java:614)
at org.testng.SuiteRunner.runTest(SuiteRunner.java:421)
at org.testng.SuiteRunner.runSequentially(SuiteRunner.java:413)
at org.testng.SuiteRunner.privateRun(SuiteRunner.java:373)
at org.testng.SuiteRunner.run(SuiteRunner.java:312)
at org.testng.SuiteRunnerWorker.runSuite(SuiteRunnerWorker.java:52)
at org.testng.SuiteRunnerWorker.run(SuiteRunnerWorker.java:95)
at org.testng.TestNG.runSuitesSequentially(TestNG.java:1274)
at org.testng.TestNG.runSuitesLocally(TestNG.java:1208)
at org.testng.TestNG.runSuites(TestNG.java:1112)
at org.testng.TestNG.run(TestNG.java:1079)
at org.testng.remote.AbstractRemoteTestNG.run(AbstractRemoteTestNG.java:115)
at org.testng.remote.RemoteTestNG.initAndRun(RemoteTestNG.java:293)
at org.testng.remote.RemoteTestNG.main(RemoteTestNG.java:91)
]]>
    </failure>
  </testcase> <!-- verifyRegisteringAccountByCheckingThePasswordStandards -->
  <testcase classname="tutorialsninja.tests.Register" name="verifyRegisteringAccountByCheckingThePasswordStandards" time="7.811">
    <failure type="java.lang.AssertionError" message="Password complexity error message is missing: This is a bug.">
      <![CDATA[java.lang.AssertionError: Password complexity error message is missing: This is a bug.
at org.testng.Assert.fail(Assert.java:111)
at tutorialsninja.tests.Register.verifyRegisteringAccountByCheckingThePasswordStandards(Register.java:551)
at java.base/jdk.internal.reflect.DirectMethodHandleAccessor.invoke(DirectMethodHandleAccessor.java:103)
at java.base/java.lang.reflect.Method.invoke(Method.java:580)
at org.testng.internal.invokers.MethodInvocationHelper.invokeMethod(MethodInvocationHelper.java:141)
at org.testng.internal.invokers.TestInvoker.invokeMethod(TestInvoker.java:686)
at org.testng.internal.invokers.TestInvoker.invokeTestMethod(TestInvoker.java:230)
at org.testng.internal.invokers.MethodRunner.runInSequence(MethodRunner.java:63)
at org.testng.internal.invokers.TestInvoker$MethodInvocationAgent.invoke(TestInvoker.java:992)
at org.testng.internal.invokers.TestInvoker.invokeTestMethods(TestInvoker.java:203)
at org.testng.internal.invokers.TestMethodWorker.invokeTestMethods(TestMethodWorker.java:154)
at org.testng.internal.invokers.TestMethodWorker.run(TestMethodWorker.java:134)
at java.base/java.util.ArrayList.forEach(ArrayList.java:1596)
at org.testng.TestRunner.privateRun(TestRunner.java:739)
at org.testng.TestRunner.run(TestRunner.java:614)
at org.testng.SuiteRunner.runTest(SuiteRunner.java:421)
at org.testng.SuiteRunner.runSequentially(SuiteRunner.java:413)
at org.testng.SuiteRunner.privateRun(SuiteRunner.java:373)
at org.testng.SuiteRunner.run(SuiteRunner.java:312)
at org.testng.SuiteRunnerWorker.runSuite(SuiteRunnerWorker.java:52)
at org.testng.SuiteRunnerWorker.run(SuiteRunnerWorker.java:95)
at org.testng.TestNG.runSuitesSequentially(TestNG.java:1274)
at org.testng.TestNG.runSuitesLocally(TestNG.java:1208)
at org.testng.TestNG.runSuites(TestNG.java:1112)
at org.testng.TestNG.run(TestNG.java:1079)
at org.testng.remote.AbstractRemoteTestNG.run(AbstractRemoteTestNG.java:115)
at org.testng.remote.RemoteTestNG.initAndRun(RemoteTestNG.java:293)
at org.testng.remote.RemoteTestNG.main(RemoteTestNG.java:91)
]]>
    </failure>
  </testcase> <!-- verifyRegisteringAccountByCheckingThePasswordStandards -->
  <testcase classname="tutorialsninja.tests.Register" name="verifyRegisteringAccountByCheckingThePasswordStandards" time="5.086">
    <failure type="java.lang.AssertionError" message="Password complexity error message is missing: This is a bug.">
      <![CDATA[java.lang.AssertionError: Password complexity error message is missing: This is a bug.
at org.testng.Assert.fail(Assert.java:111)
at tutorialsninja.tests.Register.verifyRegisteringAccountByCheckingThePasswordStandards(Register.java:551)
at java.base/jdk.internal.reflect.DirectMethodHandleAccessor.invoke(DirectMethodHandleAccessor.java:103)
at java.base/java.lang.reflect.Method.invoke(Method.java:580)
at org.testng.internal.invokers.MethodInvocationHelper.invokeMethod(MethodInvocationHelper.java:141)
at org.testng.internal.invokers.TestInvoker.invokeMethod(TestInvoker.java:686)
at org.testng.internal.invokers.TestInvoker.invokeTestMethod(TestInvoker.java:230)
at org.testng.internal.invokers.MethodRunner.runInSequence(MethodRunner.java:63)
at org.testng.internal.invokers.TestInvoker$MethodInvocationAgent.invoke(TestInvoker.java:992)
at org.testng.internal.invokers.TestInvoker.invokeTestMethods(TestInvoker.java:203)
at org.testng.internal.invokers.TestMethodWorker.invokeTestMethods(TestMethodWorker.java:154)
at org.testng.internal.invokers.TestMethodWorker.run(TestMethodWorker.java:134)
at java.base/java.util.ArrayList.forEach(ArrayList.java:1596)
at org.testng.TestRunner.privateRun(TestRunner.java:739)
at org.testng.TestRunner.run(TestRunner.java:614)
at org.testng.SuiteRunner.runTest(SuiteRunner.java:421)
at org.testng.SuiteRunner.runSequentially(SuiteRunner.java:413)
at org.testng.SuiteRunner.privateRun(SuiteRunner.java:373)
at org.testng.SuiteRunner.run(SuiteRunner.java:312)
at org.testng.SuiteRunnerWorker.runSuite(SuiteRunnerWorker.java:52)
at org.testng.SuiteRunnerWorker.run(SuiteRunnerWorker.java:95)
at org.testng.TestNG.runSuitesSequentially(TestNG.java:1274)
at org.testng.TestNG.runSuitesLocally(TestNG.java:1208)
at org.testng.TestNG.runSuites(TestNG.java:1112)
at org.testng.TestNG.run(TestNG.java:1079)
at org.testng.remote.AbstractRemoteTestNG.run(AbstractRemoteTestNG.java:115)
at org.testng.remote.RemoteTestNG.initAndRun(RemoteTestNG.java:293)
at org.testng.remote.RemoteTestNG.main(RemoteTestNG.java:91)
]]>
    </failure>
  </testcase> <!-- verifyRegisteringAccountByCheckingThePasswordStandards -->
  <testcase classname="tutorialsninja.tests.Register" name="verifyRegisteringAccountSayingYesToNewsLetter" time="0.0">
    <ignored/>
  </testcase> <!-- verifyRegisteringAccountSayingYesToNewsLetter -->
  <testcase classname="tutorialsninja.tests.Register" name="verifyWorkingOfEveryLinkOnRegisterAccount" time="0.0">
    <ignored/>
  </testcase> <!-- verifyWorkingOfEveryLinkOnRegisterAccount -->
  <testcase classname="tutorialsninja.tests.Register" name="verifyRegisteringAccountByProvidingMismatchingPasswords" time="0.0">
    <ignored/>
  </testcase> <!-- verifyRegisteringAccountByProvidingMismatchingPasswords -->
  <testcase classname="tutorialsninja.tests.Register" name="verifyRegisteringWithoutFillingFeilds" time="0.0">
    <ignored/>
  </testcase> <!-- verifyRegisteringWithoutFillingFeilds -->
  <testcase classname="tutorialsninja.tests.Register" name="verifyRegisteringAccountWithoutPrivacyPolicySelection" time="0.0">
    <ignored/>
  </testcase> <!-- verifyRegisteringAccountWithoutPrivacyPolicySelection -->
  <testcase classname="tutorialsninja.tests.Register" name="verifyRegisteringAccountByProvidingEntriesUsingKeyboardActions" time="0.0">
    <ignored/>
  </testcase> <!-- verifyRegisteringAccountByProvidingEntriesUsingKeyboardActions -->
  <testcase classname="tutorialsninja.tests.Register" name="verifyRegisterWithAllFeilds" time="0.0">
    <ignored/>
  </testcase> <!-- verifyRegisterWithAllFeilds -->
  <testcase classname="tutorialsninja.tests.Register" name="verifyNavigatingToRegisterAccountPageWithMultipleWays" time="0.0">
    <ignored/>
  </testcase> <!-- verifyNavigatingToRegisterAccountPageWithMultipleWays -->
  <testcase classname="tutorialsninja.tests.Register" name="verifyMandatoryFieldsInRegisterAccountPage" time="0.0">
    <ignored/>
  </testcase> <!-- verifyMandatoryFieldsInRegisterAccountPage -->
  <testcase classname="tutorialsninja.tests.Register" name="verifyRegisteringAccountByProvidingInvalidTelephone" time="0.0">
    <ignored/>
  </testcase> <!-- verifyRegisteringAccountByProvidingInvalidTelephone -->
  <testcase classname="tutorialsninja.tests.Register" name="verifyRegisteringAccountByProvidingExistingEmail" time="0.0">
    <ignored/>
  </testcase> <!-- verifyRegisteringAccountByProvidingExistingEmail -->
  <testcase classname="tutorialsninja.tests.Register" name="verifyDatabaseTestingOfRegisteringAccount" time="0.0">
    <ignored/>
  </testcase> <!-- verifyDatabaseTestingOfRegisteringAccount -->
  <testcase classname="tutorialsninja.tests.Register" name="verifyBreadcrumbTitleHeadingRegisterAccount" time="0.0">
    <ignored/>
  </testcase> <!-- verifyBreadcrumbTitleHeadingRegisterAccount -->
  <testcase classname="tutorialsninja.tests.Register" name="verifyRegisteringAccountWithoutEnteringPasswordIntoPasswordConfirmField" time="0.0">
    <ignored/>
  </testcase> <!-- verifyRegisteringAccountWithoutEnteringPasswordIntoPasswordConfirmField -->
  <testcase classname="tutorialsninja.tests.Register" name="verifyPrivacyPolicyFieldsOnRegisteringAccountPage" time="0.0">
    <ignored/>
  </testcase> <!-- verifyPrivacyPolicyFieldsOnRegisteringAccountPage -->
  <testcase classname="tutorialsninja.tests.Register" name="verifyRegisteringAccountVisibilityTogglingOfPasswordFields" time="0.0">
    <ignored/>
  </testcase> <!-- verifyRegisteringAccountVisibilityTogglingOfPasswordFields -->
  <testcase classname="tutorialsninja.tests.Register" name="verifyRegisteringAccountUsingInvalidEmails" time="0.0">
    <ignored/>
  </testcase> <!-- verifyRegisteringAccountUsingInvalidEmails -->
  <testcase classname="tutorialsninja.tests.Register" name="verifyHeadingAndTrailingSpacesWhileRegisteringPage" time="0.0">
    <ignored/>
  </testcase> <!-- verifyHeadingAndTrailingSpacesWhileRegisteringPage -->
  <testcase classname="tutorialsninja.tests.Register" name="verifyPlaceholdersOfTextFieldsInRegisterAccountPage" time="0.0">
    <ignored/>
  </testcase> <!-- verifyPlaceholdersOfTextFieldsInRegisterAccountPage -->
  <testcase classname="tutorialsninja.tests.Register" name="verifyRegisteringAccountSayingNoToNewsLetter" time="0.0">
    <ignored/>
  </testcase> <!-- verifyRegisteringAccountSayingNoToNewsLetter -->
  <testcase classname="tutorialsninja.tests.Register" name="verifyRegisteringAccountFielsHeightWidthAlignment" time="0.0">
    <ignored/>
  </testcase> <!-- verifyRegisteringAccountFielsHeightWidthAlignment -->
  <testcase classname="tutorialsninja.tests.Register" name="verifyRegisteringAccountByProvidingOnlySpace" time="0.0">
    <ignored/>
  </testcase> <!-- verifyRegisteringAccountByProvidingOnlySpace -->
  <testcase classname="tutorialsninja.tests.Register" name="verifyRegisteringAccountInDifferentEnvironments" time="0.0">
    <ignored/>
  </testcase> <!-- verifyRegisteringAccountInDifferentEnvironments -->
  <testcase classname="tutorialsninja.tests.Register" name="RegisterWithMandatoryFeilds" time="0.0">
    <ignored/>
  </testcase> <!-- RegisterWithMandatoryFeilds -->
  <testcase classname="tutorialsninja.tests.Register" name="verifyUIOfRegisterAccountPage" time="0.0">
    <ignored/>
  </testcase> <!-- verifyUIOfRegisterAccountPage -->
</testsuite> <!-- Default test -->
