<?xml version="1.0" encoding="UTF-8"?>
<!-- Generated by org.testng.reporters.JUnitXMLReporter -->
<testsuite ignored="15" hostname="PC-IndrajeetY" failures="0" tests="1" name="Default test" time="9.897" errors="0" timestamp="2025-02-08T01:21:39 IST">
  <testcase classname="tutorialsninja.tests.Login" name="verifyLoginIntoApplicationAfterChangingPassword" time="6.41"/>
  <testcase classname="tutorialsninja.tests.Login" name="verifyLoginUsingKeyboardTabs" time="0.0">
    <ignored/>
  </testcase> <!-- verifyLoginUsingKeyboardTabs -->
  <testcase classname="tutorialsninja.tests.Login" name="verifyPlaceholdersForEmailAndPasswordField" time="0.0">
    <ignored/>
  </testcase> <!-- verifyPlaceholdersForEmailAndPasswordField -->
  <testcase classname="tutorialsninja.tests.Login" name="verifyLoginWithoutCredentials" time="0.0">
    <ignored/>
  </testcase> <!-- verifyLoginWithoutCredentials -->
  <testcase classname="tutorialsninja.tests.Login" name="verifyNumberOfUnsuccessfulLoginAttempts" time="0.0">
    <ignored/>
  </testcase> <!-- verifyNumberOfUnsuccessfulLoginAttempts -->
  <testcase classname="tutorialsninja.tests.Login" name="verifyLoginWithValidEmailAndInvalidPassword" time="0.0">
    <ignored/>
  </testcase> <!-- verifyLoginWithValidEmailAndInvalidPassword -->
  <testcase classname="tutorialsninja.tests.Login" name="verifyLoginWithInactiveCredentials" time="0.0">
    <ignored/>
  </testcase> <!-- verifyLoginWithInactiveCredentials -->
  <testcase classname="tutorialsninja.tests.Login" name="verifyLoginWithInValidCredentials" time="0.0">
    <ignored/>
  </testcase> <!-- verifyLoginWithInValidCredentials -->
  <testcase classname="tutorialsninja.tests.Login" name="verifyBrowserBackAfterLogin" time="0.0">
    <ignored/>
  </testcase> <!-- verifyBrowserBackAfterLogin -->
  <testcase classname="tutorialsninja.tests.Login" name="verifyLoginWithValidCredentials" time="0.0">
    <ignored/>
  </testcase> <!-- verifyLoginWithValidCredentials -->
  <testcase classname="tutorialsninja.tests.Login" name="verifyForgottenPasswordLinkOnLoginPage" time="0.0">
    <ignored/>
  </testcase> <!-- verifyForgottenPasswordLinkOnLoginPage -->
  <testcase classname="tutorialsninja.tests.Login" name="verifyCopyingOfTextEnteredIntoPasswordField" time="0.0">
    <ignored/>
  </testcase> <!-- verifyCopyingOfTextEnteredIntoPasswordField -->
  <testcase classname="tutorialsninja.tests.Login" name="verifyTextEnteredIntoPasswordFieldIsToggledToHideVisibility" time="0.0">
    <ignored/>
  </testcase> <!-- verifyTextEnteredIntoPasswordFieldIsToggledToHideVisibility -->
  <testcase classname="tutorialsninja.tests.Login" name="verifyLoggingOutAndBrowserBackAfterLogin" time="0.0">
    <ignored/>
  </testcase> <!-- verifyLoggingOutAndBrowserBackAfterLogin -->
  <testcase classname="tutorialsninja.tests.Login" name="verifyPasswordIsVisibleInPageSource" time="0.0">
    <ignored/>
  </testcase> <!-- verifyPasswordIsVisibleInPageSource -->
  <testcase classname="tutorialsninja.tests.Login" name="verifyLoginWithInvalidEmailAndValidPassword" time="0.0">
    <ignored/>
  </testcase> <!-- verifyLoginWithInvalidEmailAndValidPassword -->
</testsuite> <!-- Default test -->
