<?xml version="1.0" encoding="UTF-8"?>
<!-- Generated by org.testng.reporters.JUnitXMLReporter -->
<testsuite ignored="0" hostname="Indra" failures="17" tests="51" name="Test" time="598.186" errors="0" timestamp="2025-03-02T00:56:45 IST">
  <testcase classname="tutorialsninja.tests.Login" name="verifyLoginWithValidCredentials" time="1.142"/>
  <testcase classname="tutorialsninja.tests.Login" name="verifyLoginWithInValidCredentials" time="0.909"/>
  <testcase classname="tutorialsninja.tests.Login" name="verifyLoginWithInvalidEmailAndValidPassword" time="0.849"/>
  <testcase classname="tutorialsninja.tests.Login" name="verifyLoginWithValidEmailAndInvalidPassword" time="1.1"/>
  <testcase classname="tutorialsninja.tests.Login" name="verifyLoginWithoutCredentials" time="0.77"/>
  <testcase classname="tutorialsninja.tests.Login" name="verifyForgottenPasswordLinkOnLoginPage" time="0.377"/>
  <testcase classname="tutorialsninja.tests.Login" name="verifyLoginUsingKeyboardTabs" time="4.405">
    <failure type="org.openqa.selenium.InvalidSelectorException" message="Given link text expression &amp;quot;Edit your account information&amp;quot; is invalid: [Exception... &amp;quot;Security Manager vetoed action&amp;quot;  nsresult: &amp;quot;0x80570027 (NS_ERROR_XPC_SECURITY_MANAGER_VETO)&amp;quot;  location: &amp;quot;JS frame :: chrome://remote/content/marionette/atom.js :: X :: line 83&amp;quot;  data: no]
For documentation on this error, please visit: https://www.selenium.dev/documentation/webdriver/troubleshooting/errors#invalid-selector-exception
Build info: version: &amp;apos;4.27.0&amp;apos;, revision: &amp;apos;d6e718d134&amp;apos;
System info: os.name: &amp;apos;Windows 11&amp;apos;, os.arch: &amp;apos;amd64&amp;apos;, os.version: &amp;apos;10.0&amp;apos;, java.version: &amp;apos;21.0.3&amp;apos;
Driver info: org.openqa.selenium.firefox.FirefoxDriver
Command: [e437ee9f-cbfe-4533-bc01-be5e7e8a4f0f, findElement {using=link text, value=Edit your account information}]
Capabilities {acceptInsecureCerts: true, browserName: firefox, browserVersion: 103.0.2, moz:accessibilityChecks: false, moz:buildID: 20220808125904, moz:debuggerAddress: localhost:48465, moz:geckodriverVersion: 0.33.0, moz:headless: false, moz:platformVersion: 10.0, moz:processID: 4680, moz:profile: C:\Users\indra\AppData\Loca..., moz:shutdownTimeout: 60000, moz:useNonSpecCompliantPointerOrigin: false, moz:webdriverClick: true, moz:windowless: false, pageLoadStrategy: normal, platformName: windows, proxy: Proxy(), se:cdp: ws://localhost:48465/devtoo..., se:cdpVersion: 85.0, setWindowRect: true, strictFileInteractability: false, timeouts: {implicit: 0, pageLoad: 300000, script: 30000}, unhandledPromptBehavior: dismiss and notify}
Session ID: e437ee9f-cbfe-4533-bc01-be5e7e8a4f0f">
      <![CDATA[org.openqa.selenium.InvalidSelectorException: Given link text expression "Edit your account information" is invalid: [Exception... "Security Manager vetoed action"  nsresult: "0x80570027 (NS_ERROR_XPC_SECURITY_MANAGER_VETO)"  location: "JS frame :: chrome://remote/content/marionette/atom.js :: X :: line 83"  data: no]
For documentation on this error, please visit: https://www.selenium.dev/documentation/webdriver/troubleshooting/errors#invalid-selector-exception
Build info: version: '4.27.0', revision: 'd6e718d134'
System info: os.name: 'Windows 11', os.arch: 'amd64', os.version: '10.0', java.version: '21.0.3'
Driver info: org.openqa.selenium.firefox.FirefoxDriver
Command: [e437ee9f-cbfe-4533-bc01-be5e7e8a4f0f, findElement {using=link text, value=Edit your account information}]
Capabilities {acceptInsecureCerts: true, browserName: firefox, browserVersion: 103.0.2, moz:accessibilityChecks: false, moz:buildID: 20220808125904, moz:debuggerAddress: localhost:48465, moz:geckodriverVersion: 0.33.0, moz:headless: false, moz:platformVersion: 10.0, moz:processID: 4680, moz:profile: C:\Users\indra\AppData\Loca..., moz:shutdownTimeout: 60000, moz:useNonSpecCompliantPointerOrigin: false, moz:webdriverClick: true, moz:windowless: false, pageLoadStrategy: normal, platformName: windows, proxy: Proxy(), se:cdp: ws://localhost:48465/devtoo..., se:cdpVersion: 85.0, setWindowRect: true, strictFileInteractability: false, timeouts: {implicit: 0, pageLoad: 300000, script: 30000}, unhandledPromptBehavior: dismiss and notify}
Session ID: e437ee9f-cbfe-4533-bc01-be5e7e8a4f0f
at org.openqa.selenium.remote.ErrorCodec.decode(ErrorCodec.java:167)
at org.openqa.selenium.remote.codec.w3c.W3CHttpResponseCodec.decode(W3CHttpResponseCodec.java:138)
at org.openqa.selenium.remote.codec.w3c.W3CHttpResponseCodec.decode(W3CHttpResponseCodec.java:50)
at org.openqa.selenium.remote.HttpCommandExecutor.execute(HttpCommandExecutor.java:190)
at org.openqa.selenium.remote.service.DriverCommandExecutor.invokeExecute(DriverCommandExecutor.java:216)
at org.openqa.selenium.remote.service.DriverCommandExecutor.execute(DriverCommandExecutor.java:174)
at org.openqa.selenium.remote.RemoteWebDriver.execute(RemoteWebDriver.java:545)
at org.openqa.selenium.remote.ElementLocation$ElementFinder$2.findElement(ElementLocation.java:165)
at org.openqa.selenium.remote.ElementLocation.findElement(ElementLocation.java:59)
at org.openqa.selenium.remote.RemoteWebDriver.findElement(RemoteWebDriver.java:368)
at org.openqa.selenium.remote.RemoteWebDriver.findElement(RemoteWebDriver.java:362)
at org.openqa.selenium.support.pagefactory.DefaultElementLocator.findElement(DefaultElementLocator.java:68)
at org.openqa.selenium.support.pagefactory.internal.LocatingElementHandler.invoke(LocatingElementHandler.java:38)
at jdk.proxy2/jdk.proxy2.$Proxy13.isDisplayed(Unknown Source)
at Pages.AccountPage.didWeNavigateToAccountPage(AccountPage.java:50)
at tutorialsninja.tests.Login.verifyLoginUsingKeyboardTabs(Login.java:148)
at java.base/java.util.ArrayList.forEach(ArrayList.java:1596)
... Removed 28 stack frames]]>
    </failure>
  </testcase> <!-- verifyLoginUsingKeyboardTabs -->
  <testcase classname="tutorialsninja.tests.Login" name="verifyPlaceholdersForEmailAndPasswordField" time="0.054"/>
  <testcase classname="tutorialsninja.tests.Login" name="verifyBrowserBackAfterLogin" time="4.918">
    <failure type="org.openqa.selenium.NoSuchElementException" message="Unable to locate element: //ul[@class=&amp;apos;breadcrumb&amp;apos;]//a[normalize-space()=&amp;apos;Login&amp;apos;]
For documentation on this error, please visit: https://www.selenium.dev/documentation/webdriver/troubleshooting/errors#no-such-element-exception
Build info: version: &amp;apos;4.27.0&amp;apos;, revision: &amp;apos;d6e718d134&amp;apos;
System info: os.name: &amp;apos;Windows 11&amp;apos;, os.arch: &amp;apos;amd64&amp;apos;, os.version: &amp;apos;10.0&amp;apos;, java.version: &amp;apos;21.0.3&amp;apos;
Driver info: org.openqa.selenium.firefox.FirefoxDriver
Command: [2eac4319-496d-4acf-876f-c3a9cc94749d, findElement {using=xpath, value=//ul[@class=&amp;apos;breadcrumb&amp;apos;]//a[normalize-space()=&amp;apos;Login&amp;apos;]}]
Capabilities {acceptInsecureCerts: true, browserName: firefox, browserVersion: 103.0.2, moz:accessibilityChecks: false, moz:buildID: 20220808125904, moz:debuggerAddress: localhost:38165, moz:geckodriverVersion: 0.33.0, moz:headless: false, moz:platformVersion: 10.0, moz:processID: 2100, moz:profile: C:\Users\indra\AppData\Loca..., moz:shutdownTimeout: 60000, moz:useNonSpecCompliantPointerOrigin: false, moz:webdriverClick: true, moz:windowless: false, pageLoadStrategy: normal, platformName: windows, proxy: Proxy(), se:cdp: ws://localhost:38165/devtoo..., se:cdpVersion: 85.0, setWindowRect: true, strictFileInteractability: false, timeouts: {implicit: 0, pageLoad: 300000, script: 30000}, unhandledPromptBehavior: dismiss and notify}
Session ID: 2eac4319-496d-4acf-876f-c3a9cc94749d">
      <![CDATA[org.openqa.selenium.NoSuchElementException: Unable to locate element: //ul[@class='breadcrumb']//a[normalize-space()='Login']
For documentation on this error, please visit: https://www.selenium.dev/documentation/webdriver/troubleshooting/errors#no-such-element-exception
Build info: version: '4.27.0', revision: 'd6e718d134'
System info: os.name: 'Windows 11', os.arch: 'amd64', os.version: '10.0', java.version: '21.0.3'
Driver info: org.openqa.selenium.firefox.FirefoxDriver
Command: [2eac4319-496d-4acf-876f-c3a9cc94749d, findElement {using=xpath, value=//ul[@class='breadcrumb']//a[normalize-space()='Login']}]
Capabilities {acceptInsecureCerts: true, browserName: firefox, browserVersion: 103.0.2, moz:accessibilityChecks: false, moz:buildID: 20220808125904, moz:debuggerAddress: localhost:38165, moz:geckodriverVersion: 0.33.0, moz:headless: false, moz:platformVersion: 10.0, moz:processID: 2100, moz:profile: C:\Users\indra\AppData\Loca..., moz:shutdownTimeout: 60000, moz:useNonSpecCompliantPointerOrigin: false, moz:webdriverClick: true, moz:windowless: false, pageLoadStrategy: normal, platformName: windows, proxy: Proxy(), se:cdp: ws://localhost:38165/devtoo..., se:cdpVersion: 85.0, setWindowRect: true, strictFileInteractability: false, timeouts: {implicit: 0, pageLoad: 300000, script: 30000}, unhandledPromptBehavior: dismiss and notify}
Session ID: 2eac4319-496d-4acf-876f-c3a9cc94749d
at org.openqa.selenium.remote.ErrorCodec.decode(ErrorCodec.java:167)
at org.openqa.selenium.remote.codec.w3c.W3CHttpResponseCodec.decode(W3CHttpResponseCodec.java:138)
at org.openqa.selenium.remote.codec.w3c.W3CHttpResponseCodec.decode(W3CHttpResponseCodec.java:50)
at org.openqa.selenium.remote.HttpCommandExecutor.execute(HttpCommandExecutor.java:190)
at org.openqa.selenium.remote.service.DriverCommandExecutor.invokeExecute(DriverCommandExecutor.java:216)
at org.openqa.selenium.remote.service.DriverCommandExecutor.execute(DriverCommandExecutor.java:174)
at org.openqa.selenium.remote.RemoteWebDriver.execute(RemoteWebDriver.java:545)
at org.openqa.selenium.remote.ElementLocation$ElementFinder$2.findElement(ElementLocation.java:165)
at org.openqa.selenium.remote.ElementLocation.findElement(ElementLocation.java:59)
at org.openqa.selenium.remote.RemoteWebDriver.findElement(RemoteWebDriver.java:368)
at org.openqa.selenium.remote.RemoteWebDriver.findElement(RemoteWebDriver.java:362)
at org.openqa.selenium.support.pagefactory.DefaultElementLocator.findElement(DefaultElementLocator.java:68)
at org.openqa.selenium.support.pagefactory.internal.LocatingElementHandler.invoke(LocatingElementHandler.java:38)
at jdk.proxy2/jdk.proxy2.$Proxy13.isDisplayed(Unknown Source)
at Pages.LoginPage.verifyLoginBreadCrumb(LoginPage.java:94)
at tutorialsninja.tests.Login.verifyBrowserBackAfterLogin(Login.java:169)
at java.base/java.util.ArrayList.forEach(ArrayList.java:1596)
... Removed 28 stack frames]]>
    </failure>
  </testcase> <!-- verifyBrowserBackAfterLogin -->
  <testcase classname="tutorialsninja.tests.Login" name="verifyLoggingOutAndBrowserBackAfterLogin" time="2.303"/>
  <testcase classname="tutorialsninja.tests.Login" name="verifyLoginWithInactiveCredentials" time="1.132"/>
  <testcase classname="tutorialsninja.tests.Login" name="verifyNumberOfUnsuccessfulLoginAttempts" time="4.098"/>
  <testcase classname="tutorialsninja.tests.Login" name="verifyTextEnteredIntoPasswordFieldIsToggledToHideVisibility" time="0.048"/>
  <testcase classname="tutorialsninja.tests.Login" name="verifyCopyingOfTextEnteredIntoPasswordField" time="0.296"/>
  <testcase classname="tutorialsninja.tests.Login" name="verifyPasswordIsVisibleInPageSource" time="0.851">
    <failure type="java.lang.AssertionError" message="expected [false] but found [true]">
      <![CDATA[java.lang.AssertionError: expected [false] but found [true]
at tutorialsninja.tests.Login.verifyPasswordIsVisibleInPageSource(Login.java:238)
at java.base/java.util.ArrayList.forEach(ArrayList.java:1596)
... Removed 29 stack frames]]>
    </failure>
  </testcase> <!-- verifyPasswordIsVisibleInPageSource -->
  <testcase classname="tutorialsninja.tests.Login" name="verifyLoginIntoApplicationAfterChangingPassword" time="4.016">
    <failure type="org.openqa.selenium.NoSuchElementException" message="Unable to locate element: Edit your account information
For documentation on this error, please visit: https://www.selenium.dev/documentation/webdriver/troubleshooting/errors#no-such-element-exception
Build info: version: &amp;apos;4.27.0&amp;apos;, revision: &amp;apos;d6e718d134&amp;apos;
System info: os.name: &amp;apos;Windows 11&amp;apos;, os.arch: &amp;apos;amd64&amp;apos;, os.version: &amp;apos;10.0&amp;apos;, java.version: &amp;apos;21.0.3&amp;apos;
Driver info: org.openqa.selenium.firefox.FirefoxDriver
Command: [b01038ab-1e9d-42fd-8bd8-5af3fb47b322, findElement {using=link text, value=Edit your account information}]
Capabilities {acceptInsecureCerts: true, browserName: firefox, browserVersion: 103.0.2, moz:accessibilityChecks: false, moz:buildID: 20220808125904, moz:debuggerAddress: localhost:28263, moz:geckodriverVersion: 0.33.0, moz:headless: false, moz:platformVersion: 10.0, moz:processID: 12040, moz:profile: C:\Users\indra\AppData\Loca..., moz:shutdownTimeout: 60000, moz:useNonSpecCompliantPointerOrigin: false, moz:webdriverClick: true, moz:windowless: false, pageLoadStrategy: normal, platformName: windows, proxy: Proxy(), se:cdp: ws://localhost:28263/devtoo..., se:cdpVersion: 85.0, setWindowRect: true, strictFileInteractability: false, timeouts: {implicit: 0, pageLoad: 300000, script: 30000}, unhandledPromptBehavior: dismiss and notify}
Session ID: b01038ab-1e9d-42fd-8bd8-5af3fb47b322">
      <![CDATA[org.openqa.selenium.NoSuchElementException: Unable to locate element: Edit your account information
For documentation on this error, please visit: https://www.selenium.dev/documentation/webdriver/troubleshooting/errors#no-such-element-exception
Build info: version: '4.27.0', revision: 'd6e718d134'
System info: os.name: 'Windows 11', os.arch: 'amd64', os.version: '10.0', java.version: '21.0.3'
Driver info: org.openqa.selenium.firefox.FirefoxDriver
Command: [b01038ab-1e9d-42fd-8bd8-5af3fb47b322, findElement {using=link text, value=Edit your account information}]
Capabilities {acceptInsecureCerts: true, browserName: firefox, browserVersion: 103.0.2, moz:accessibilityChecks: false, moz:buildID: 20220808125904, moz:debuggerAddress: localhost:28263, moz:geckodriverVersion: 0.33.0, moz:headless: false, moz:platformVersion: 10.0, moz:processID: 12040, moz:profile: C:\Users\indra\AppData\Loca..., moz:shutdownTimeout: 60000, moz:useNonSpecCompliantPointerOrigin: false, moz:webdriverClick: true, moz:windowless: false, pageLoadStrategy: normal, platformName: windows, proxy: Proxy(), se:cdp: ws://localhost:28263/devtoo..., se:cdpVersion: 85.0, setWindowRect: true, strictFileInteractability: false, timeouts: {implicit: 0, pageLoad: 300000, script: 30000}, unhandledPromptBehavior: dismiss and notify}
Session ID: b01038ab-1e9d-42fd-8bd8-5af3fb47b322
at org.openqa.selenium.remote.ErrorCodec.decode(ErrorCodec.java:167)
at org.openqa.selenium.remote.codec.w3c.W3CHttpResponseCodec.decode(W3CHttpResponseCodec.java:138)
at org.openqa.selenium.remote.codec.w3c.W3CHttpResponseCodec.decode(W3CHttpResponseCodec.java:50)
at org.openqa.selenium.remote.HttpCommandExecutor.execute(HttpCommandExecutor.java:190)
at org.openqa.selenium.remote.service.DriverCommandExecutor.invokeExecute(DriverCommandExecutor.java:216)
at org.openqa.selenium.remote.service.DriverCommandExecutor.execute(DriverCommandExecutor.java:174)
at org.openqa.selenium.remote.RemoteWebDriver.execute(RemoteWebDriver.java:545)
at org.openqa.selenium.remote.ElementLocation$ElementFinder$2.findElement(ElementLocation.java:165)
at org.openqa.selenium.remote.ElementLocation.findElement(ElementLocation.java:59)
at org.openqa.selenium.remote.RemoteWebDriver.findElement(RemoteWebDriver.java:368)
at org.openqa.selenium.remote.RemoteWebDriver.findElement(RemoteWebDriver.java:362)
at org.openqa.selenium.support.pagefactory.DefaultElementLocator.findElement(DefaultElementLocator.java:68)
at org.openqa.selenium.support.pagefactory.internal.LocatingElementHandler.invoke(LocatingElementHandler.java:38)
at jdk.proxy2/jdk.proxy2.$Proxy13.isDisplayed(Unknown Source)
at Pages.AccountPage.didWeNavigateToAccountPage(AccountPage.java:50)
at tutorialsninja.tests.Login.verifyLoginIntoApplicationAfterChangingPassword(Login.java:250)
at java.base/java.util.ArrayList.forEach(ArrayList.java:1596)
... Removed 28 stack frames]]>
    </failure>
  </testcase> <!-- verifyLoginIntoApplicationAfterChangingPassword -->
  <testcase classname="tutorialsninja.tests.Login" name="verifyNavigateToDifferentPagesFromLoginPage" time="6.998">
    <failure type="org.openqa.selenium.NoSuchElementException" message="Unable to locate element: //a[normalize-space()=&amp;apos;Account&amp;apos;]
For documentation on this error, please visit: https://www.selenium.dev/documentation/webdriver/troubleshooting/errors#no-such-element-exception
Build info: version: &amp;apos;4.27.0&amp;apos;, revision: &amp;apos;d6e718d134&amp;apos;
System info: os.name: &amp;apos;Windows 11&amp;apos;, os.arch: &amp;apos;amd64&amp;apos;, os.version: &amp;apos;10.0&amp;apos;, java.version: &amp;apos;21.0.3&amp;apos;
Driver info: org.openqa.selenium.firefox.FirefoxDriver
Command: [a52a24f4-8c5f-42ea-9446-8daf450886db, findElement {using=xpath, value=//a[normalize-space()=&amp;apos;Account&amp;apos;]}]
Capabilities {acceptInsecureCerts: true, browserName: firefox, browserVersion: 103.0.2, moz:accessibilityChecks: false, moz:buildID: 20220808125904, moz:debuggerAddress: localhost:31699, moz:geckodriverVersion: 0.33.0, moz:headless: false, moz:platformVersion: 10.0, moz:processID: 24320, moz:profile: C:\Users\indra\AppData\Loca..., moz:shutdownTimeout: 60000, moz:useNonSpecCompliantPointerOrigin: false, moz:webdriverClick: true, moz:windowless: false, pageLoadStrategy: normal, platformName: windows, proxy: Proxy(), se:cdp: ws://localhost:31699/devtoo..., se:cdpVersion: 85.0, setWindowRect: true, strictFileInteractability: false, timeouts: {implicit: 0, pageLoad: 300000, script: 30000}, unhandledPromptBehavior: dismiss and notify}
Session ID: a52a24f4-8c5f-42ea-9446-8daf450886db">
      <![CDATA[org.openqa.selenium.NoSuchElementException: Unable to locate element: //a[normalize-space()='Account']
For documentation on this error, please visit: https://www.selenium.dev/documentation/webdriver/troubleshooting/errors#no-such-element-exception
Build info: version: '4.27.0', revision: 'd6e718d134'
System info: os.name: 'Windows 11', os.arch: 'amd64', os.version: '10.0', java.version: '21.0.3'
Driver info: org.openqa.selenium.firefox.FirefoxDriver
Command: [a52a24f4-8c5f-42ea-9446-8daf450886db, findElement {using=xpath, value=//a[normalize-space()='Account']}]
Capabilities {acceptInsecureCerts: true, browserName: firefox, browserVersion: 103.0.2, moz:accessibilityChecks: false, moz:buildID: 20220808125904, moz:debuggerAddress: localhost:31699, moz:geckodriverVersion: 0.33.0, moz:headless: false, moz:platformVersion: 10.0, moz:processID: 24320, moz:profile: C:\Users\indra\AppData\Loca..., moz:shutdownTimeout: 60000, moz:useNonSpecCompliantPointerOrigin: false, moz:webdriverClick: true, moz:windowless: false, pageLoadStrategy: normal, platformName: windows, proxy: Proxy(), se:cdp: ws://localhost:31699/devtoo..., se:cdpVersion: 85.0, setWindowRect: true, strictFileInteractability: false, timeouts: {implicit: 0, pageLoad: 300000, script: 30000}, unhandledPromptBehavior: dismiss and notify}
Session ID: a52a24f4-8c5f-42ea-9446-8daf450886db
at org.openqa.selenium.remote.ErrorCodec.decode(ErrorCodec.java:167)
at org.openqa.selenium.remote.codec.w3c.W3CHttpResponseCodec.decode(W3CHttpResponseCodec.java:138)
at org.openqa.selenium.remote.codec.w3c.W3CHttpResponseCodec.decode(W3CHttpResponseCodec.java:50)
at org.openqa.selenium.remote.HttpCommandExecutor.execute(HttpCommandExecutor.java:190)
at org.openqa.selenium.remote.service.DriverCommandExecutor.invokeExecute(DriverCommandExecutor.java:216)
at org.openqa.selenium.remote.service.DriverCommandExecutor.execute(DriverCommandExecutor.java:174)
at org.openqa.selenium.remote.RemoteWebDriver.execute(RemoteWebDriver.java:545)
at org.openqa.selenium.remote.ElementLocation$ElementFinder$2.findElement(ElementLocation.java:165)
at org.openqa.selenium.remote.ElementLocation.findElement(ElementLocation.java:59)
at org.openqa.selenium.remote.RemoteWebDriver.findElement(RemoteWebDriver.java:368)
at org.openqa.selenium.remote.RemoteWebDriver.findElement(RemoteWebDriver.java:362)
at org.openqa.selenium.support.pagefactory.DefaultElementLocator.findElement(DefaultElementLocator.java:68)
at org.openqa.selenium.support.pagefactory.internal.LocatingElementHandler.invoke(LocatingElementHandler.java:38)
at jdk.proxy2/jdk.proxy2.$Proxy13.click(Unknown Source)
at Pages.HeaderOptions.clickAccountBreadcrumb(HeaderOptions.java:93)
at tutorialsninja.tests.Login.verifyNavigateToDifferentPagesFromLoginPage(Login.java:322)
at java.base/java.util.ArrayList.forEach(ArrayList.java:1596)
... Removed 28 stack frames]]>
    </failure>
  </testcase> <!-- verifyNavigateToDifferentPagesFromLoginPage -->
  <testcase classname="tutorialsninja.tests.Login" name="verifyDifferentWaysOfNavigatingToLoginPage" time="2.873"/>
  <testcase classname="tutorialsninja.tests.Login" name="verifyBreadcrumbPageHeadingTitleOnLoginPage" time="0.073"/>
  <testcase classname="tutorialsninja.tests.Login" name="verifyUIOfLoginPage" time="0.963">
    <failure type="java.lang.AssertionError" message="expected [false] but found [true]">
      <![CDATA[java.lang.AssertionError: expected [false] but found [true]
at tutorialsninja.tests.Login.verifyUIOfLoginPage(Login.java:559)
at java.base/java.util.ArrayList.forEach(ArrayList.java:1596)
... Removed 29 stack frames]]>
    </failure>
  </testcase> <!-- verifyUIOfLoginPage -->
  <testcase classname="tutorialsninja.tests.Login" name="verifyLoginInAllEnvironments" time="2.226"/>
  <testcase classname="tutorialsninja.tests.Register" name="RegisterWithMandatoryFeilds" time="1.971"/>
  <testcase classname="tutorialsninja.tests.Register" name="verifyRegisterWithAllFeilds" time="2.597"/>
  <testcase classname="tutorialsninja.tests.Register" name="verifyRegisteringWithoutFillingFeilds" time="1.273"/>
  <testcase classname="tutorialsninja.tests.Register" name="verifyRegisteringAccountSayingYesToNewsLetter" time="3.695"/>
  <testcase classname="tutorialsninja.tests.Register" name="verifyRegisteringAccountSayingNoToNewsLetter" time="3.31"/>
  <testcase classname="tutorialsninja.tests.Register" name="verifyNavigatingToRegisterAccountPageWithMultipleWays" time="2.039"/>
  <testcase classname="tutorialsninja.tests.Register" name="verifyRegisteringAccountByProvidingMismatchingPasswords" time="1.266"/>
  <testcase classname="tutorialsninja.tests.Register" name="verifyRegisteringAccountByProvidingExistingEmail" time="1.168"/>
  <testcase classname="tutorialsninja.tests.Register" name="verifyRegisteringAccountUsingInvalidEmails" time="4.854"/>
  <testcase classname="tutorialsninja.tests.Register" name="verifyRegisteringAccountByProvidingInvalidTelephone" time="4.71">
    <failure type="java.lang.AssertionError" message="Telephone number does not appear to be valid message is missing: This is a bug.">
      <![CDATA[java.lang.AssertionError: Telephone number does not appear to be valid message is missing: This is a bug.
at tutorialsninja.tests.Register.verifyRegisteringAccountByProvidingInvalidTelephone(Register.java:418)
at java.base/java.util.ArrayList.forEach(ArrayList.java:1596)
... Removed 26 stack frames]]>
    </failure>
  </testcase> <!-- verifyRegisteringAccountByProvidingInvalidTelephone -->
  <testcase classname="tutorialsninja.tests.Register" name="verifyRegisteringAccountByProvidingEntriesUsingKeyboardActions" time="10.706">
    <failure type="org.openqa.selenium.InvalidSelectorException" message="Given link text expression &amp;quot;Logout&amp;quot; is invalid: [Exception... &amp;quot;Security Manager vetoed action&amp;quot;  nsresult: &amp;quot;0x80570027 (NS_ERROR_XPC_SECURITY_MANAGER_VETO)&amp;quot;  location: &amp;quot;JS frame :: chrome://remote/content/marionette/atom.js :: X :: line 83&amp;quot;  data: no]
For documentation on this error, please visit: https://www.selenium.dev/documentation/webdriver/troubleshooting/errors#invalid-selector-exception
Build info: version: &amp;apos;4.27.0&amp;apos;, revision: &amp;apos;d6e718d134&amp;apos;
System info: os.name: &amp;apos;Windows 11&amp;apos;, os.arch: &amp;apos;amd64&amp;apos;, os.version: &amp;apos;10.0&amp;apos;, java.version: &amp;apos;21.0.3&amp;apos;
Driver info: org.openqa.selenium.firefox.FirefoxDriver
Command: [a5846704-7b68-41b7-9929-0a67e24bef14, findElement {using=link text, value=Logout}]
Capabilities {acceptInsecureCerts: true, browserName: firefox, browserVersion: 103.0.2, moz:accessibilityChecks: false, moz:buildID: 20220808125904, moz:debuggerAddress: localhost:38973, moz:geckodriverVersion: 0.33.0, moz:headless: false, moz:platformVersion: 10.0, moz:processID: 22696, moz:profile: C:\Users\indra\AppData\Loca..., moz:shutdownTimeout: 60000, moz:useNonSpecCompliantPointerOrigin: false, moz:webdriverClick: true, moz:windowless: false, pageLoadStrategy: normal, platformName: windows, proxy: Proxy(), se:cdp: ws://localhost:38973/devtoo..., se:cdpVersion: 85.0, setWindowRect: true, strictFileInteractability: false, timeouts: {implicit: 0, pageLoad: 300000, script: 30000}, unhandledPromptBehavior: dismiss and notify}
Session ID: a5846704-7b68-41b7-9929-0a67e24bef14">
      <![CDATA[org.openqa.selenium.InvalidSelectorException: Given link text expression "Logout" is invalid: [Exception... "Security Manager vetoed action"  nsresult: "0x80570027 (NS_ERROR_XPC_SECURITY_MANAGER_VETO)"  location: "JS frame :: chrome://remote/content/marionette/atom.js :: X :: line 83"  data: no]
For documentation on this error, please visit: https://www.selenium.dev/documentation/webdriver/troubleshooting/errors#invalid-selector-exception
Build info: version: '4.27.0', revision: 'd6e718d134'
System info: os.name: 'Windows 11', os.arch: 'amd64', os.version: '10.0', java.version: '21.0.3'
Driver info: org.openqa.selenium.firefox.FirefoxDriver
Command: [a5846704-7b68-41b7-9929-0a67e24bef14, findElement {using=link text, value=Logout}]
Capabilities {acceptInsecureCerts: true, browserName: firefox, browserVersion: 103.0.2, moz:accessibilityChecks: false, moz:buildID: 20220808125904, moz:debuggerAddress: localhost:38973, moz:geckodriverVersion: 0.33.0, moz:headless: false, moz:platformVersion: 10.0, moz:processID: 22696, moz:profile: C:\Users\indra\AppData\Loca..., moz:shutdownTimeout: 60000, moz:useNonSpecCompliantPointerOrigin: false, moz:webdriverClick: true, moz:windowless: false, pageLoadStrategy: normal, platformName: windows, proxy: Proxy(), se:cdp: ws://localhost:38973/devtoo..., se:cdpVersion: 85.0, setWindowRect: true, strictFileInteractability: false, timeouts: {implicit: 0, pageLoad: 300000, script: 30000}, unhandledPromptBehavior: dismiss and notify}
Session ID: a5846704-7b68-41b7-9929-0a67e24bef14
at org.openqa.selenium.remote.ErrorCodec.decode(ErrorCodec.java:167)
at org.openqa.selenium.remote.codec.w3c.W3CHttpResponseCodec.decode(W3CHttpResponseCodec.java:138)
at org.openqa.selenium.remote.codec.w3c.W3CHttpResponseCodec.decode(W3CHttpResponseCodec.java:50)
at org.openqa.selenium.remote.HttpCommandExecutor.execute(HttpCommandExecutor.java:190)
at org.openqa.selenium.remote.service.DriverCommandExecutor.invokeExecute(DriverCommandExecutor.java:216)
at org.openqa.selenium.remote.service.DriverCommandExecutor.execute(DriverCommandExecutor.java:174)
at org.openqa.selenium.remote.RemoteWebDriver.execute(RemoteWebDriver.java:545)
at org.openqa.selenium.remote.ElementLocation$ElementFinder$2.findElement(ElementLocation.java:165)
at org.openqa.selenium.remote.ElementLocation.findElement(ElementLocation.java:59)
at org.openqa.selenium.remote.RemoteWebDriver.findElement(RemoteWebDriver.java:368)
at org.openqa.selenium.remote.RemoteWebDriver.findElement(RemoteWebDriver.java:362)
at org.openqa.selenium.support.pagefactory.DefaultElementLocator.findElement(DefaultElementLocator.java:68)
at org.openqa.selenium.support.pagefactory.internal.LocatingElementHandler.invoke(LocatingElementHandler.java:38)
at jdk.proxy2/jdk.proxy2.$Proxy13.isDisplayed(Unknown Source)
at org.openqa.selenium.support.ui.ExpectedConditions.elementIfVisible(ExpectedConditions.java:304)
at org.openqa.selenium.support.ui.ExpectedConditions$10.apply(ExpectedConditions.java:290)
at org.openqa.selenium.support.ui.ExpectedConditions$10.apply(ExpectedConditions.java:287)
at org.openqa.selenium.support.ui.FluentWait.until(FluentWait.java:203)
at Pages.AccountSuccessPage.isUserLoggedIn(AccountSuccessPage.java:39)
at tutorialsninja.tests.Register.verifyRegisteringAccountByProvidingEntriesUsingKeyboardActions(Register.java:444)
at java.base/java.util.ArrayList.forEach(ArrayList.java:1596)
... Removed 28 stack frames]]>
    </failure>
  </testcase> <!-- verifyRegisteringAccountByProvidingEntriesUsingKeyboardActions -->
  <testcase classname="tutorialsninja.tests.Register" name="verifyPlaceholdersOfTextFieldsInRegisterAccountPage" time="0.069"/>
  <testcase classname="tutorialsninja.tests.Register" name="verifyMandatoryFieldsInRegisterAccountPage" time="0.23"/>
  <testcase classname="tutorialsninja.tests.Register" name="verifyDatabaseTestingOfRegisteringAccount" time="1.527">
    <failure type="java.lang.AssertionError" message="expected [Your Account Has Been Created!] but found [Register Account]">
      <![CDATA[java.lang.AssertionError: expected [Your Account Has Been Created!] but found [Register Account]
at tutorialsninja.tests.Register.verifyDatabaseTestingOfRegisteringAccount(Register.java:524)
at java.base/java.util.ArrayList.forEach(ArrayList.java:1596)
... Removed 31 stack frames]]>
    </failure>
  </testcase> <!-- verifyDatabaseTestingOfRegisteringAccount -->
  <testcase classname="tutorialsninja.tests.Register" name="verifyRegisteringAccountByProvidingOnlySpace" time="4.029">
    <failure type="org.openqa.selenium.NoSuchElementException" message="Unable to locate element: //div[contains(text(),&amp;apos;First Name must be between 1 and 32 characters!&amp;apos;)]
For documentation on this error, please visit: https://www.selenium.dev/documentation/webdriver/troubleshooting/errors#no-such-element-exception
Build info: version: &amp;apos;4.27.0&amp;apos;, revision: &amp;apos;d6e718d134&amp;apos;
System info: os.name: &amp;apos;Windows 11&amp;apos;, os.arch: &amp;apos;amd64&amp;apos;, os.version: &amp;apos;10.0&amp;apos;, java.version: &amp;apos;21.0.3&amp;apos;
Driver info: org.openqa.selenium.firefox.FirefoxDriver
Command: [34159c84-f71e-462d-a525-7efbc1d42888, findElement {using=xpath, value=//div[contains(text(),&amp;apos;First Name must be between 1 and 32 characters!&amp;apos;)]}]
Capabilities {acceptInsecureCerts: true, browserName: firefox, browserVersion: 103.0.2, moz:accessibilityChecks: false, moz:buildID: 20220808125904, moz:debuggerAddress: localhost:40015, moz:geckodriverVersion: 0.33.0, moz:headless: false, moz:platformVersion: 10.0, moz:processID: 14172, moz:profile: C:\Users\indra\AppData\Loca..., moz:shutdownTimeout: 60000, moz:useNonSpecCompliantPointerOrigin: false, moz:webdriverClick: true, moz:windowless: false, pageLoadStrategy: normal, platformName: windows, proxy: Proxy(), se:cdp: ws://localhost:40015/devtoo..., se:cdpVersion: 85.0, setWindowRect: true, strictFileInteractability: false, timeouts: {implicit: 0, pageLoad: 300000, script: 30000}, unhandledPromptBehavior: dismiss and notify}
Session ID: 34159c84-f71e-462d-a525-7efbc1d42888">
      <![CDATA[org.openqa.selenium.NoSuchElementException: Unable to locate element: //div[contains(text(),'First Name must be between 1 and 32 characters!')]
For documentation on this error, please visit: https://www.selenium.dev/documentation/webdriver/troubleshooting/errors#no-such-element-exception
Build info: version: '4.27.0', revision: 'd6e718d134'
System info: os.name: 'Windows 11', os.arch: 'amd64', os.version: '10.0', java.version: '21.0.3'
Driver info: org.openqa.selenium.firefox.FirefoxDriver
Command: [34159c84-f71e-462d-a525-7efbc1d42888, findElement {using=xpath, value=//div[contains(text(),'First Name must be between 1 and 32 characters!')]}]
Capabilities {acceptInsecureCerts: true, browserName: firefox, browserVersion: 103.0.2, moz:accessibilityChecks: false, moz:buildID: 20220808125904, moz:debuggerAddress: localhost:40015, moz:geckodriverVersion: 0.33.0, moz:headless: false, moz:platformVersion: 10.0, moz:processID: 14172, moz:profile: C:\Users\indra\AppData\Loca..., moz:shutdownTimeout: 60000, moz:useNonSpecCompliantPointerOrigin: false, moz:webdriverClick: true, moz:windowless: false, pageLoadStrategy: normal, platformName: windows, proxy: Proxy(), se:cdp: ws://localhost:40015/devtoo..., se:cdpVersion: 85.0, setWindowRect: true, strictFileInteractability: false, timeouts: {implicit: 0, pageLoad: 300000, script: 30000}, unhandledPromptBehavior: dismiss and notify}
Session ID: 34159c84-f71e-462d-a525-7efbc1d42888
at org.openqa.selenium.remote.ErrorCodec.decode(ErrorCodec.java:167)
at org.openqa.selenium.remote.codec.w3c.W3CHttpResponseCodec.decode(W3CHttpResponseCodec.java:138)
at org.openqa.selenium.remote.codec.w3c.W3CHttpResponseCodec.decode(W3CHttpResponseCodec.java:50)
at org.openqa.selenium.remote.HttpCommandExecutor.execute(HttpCommandExecutor.java:190)
at org.openqa.selenium.remote.service.DriverCommandExecutor.invokeExecute(DriverCommandExecutor.java:216)
at org.openqa.selenium.remote.service.DriverCommandExecutor.execute(DriverCommandExecutor.java:174)
at org.openqa.selenium.remote.RemoteWebDriver.execute(RemoteWebDriver.java:545)
at org.openqa.selenium.remote.ElementLocation$ElementFinder$2.findElement(ElementLocation.java:165)
at org.openqa.selenium.remote.ElementLocation.findElement(ElementLocation.java:59)
at org.openqa.selenium.remote.RemoteWebDriver.findElement(RemoteWebDriver.java:368)
at org.openqa.selenium.remote.RemoteWebDriver.findElement(RemoteWebDriver.java:362)
at org.openqa.selenium.support.pagefactory.DefaultElementLocator.findElement(DefaultElementLocator.java:68)
at org.openqa.selenium.support.pagefactory.internal.LocatingElementHandler.invoke(LocatingElementHandler.java:38)
at jdk.proxy2/jdk.proxy2.$Proxy13.getText(Unknown Source)
at Pages.RegisterPage.getFirstNameWarningMessage(RegisterPage.java:177)
at tutorialsninja.tests.Register.verifyRegisteringAccountByProvidingOnlySpace(Register.java:567)
at java.base/java.util.ArrayList.forEach(ArrayList.java:1596)
... Removed 28 stack frames]]>
    </failure>
  </testcase> <!-- verifyRegisteringAccountByProvidingOnlySpace -->
  <testcase classname="tutorialsninja.tests.Register" name="verifyRegisteringAccountByCheckingThePasswordStandards" time="4.783">
    <failure type="java.lang.AssertionError" message="Password complexity error message is missing: This is a bug.">
      <![CDATA[java.lang.AssertionError: Password complexity error message is missing: This is a bug.
at tutorialsninja.tests.Register.verifyRegisteringAccountByCheckingThePasswordStandards(Register.java:591)
at java.base/java.util.ArrayList.forEach(ArrayList.java:1596)
... Removed 26 stack frames]]>
    </failure>
  </testcase> <!-- verifyRegisteringAccountByCheckingThePasswordStandards -->
  <testcase classname="tutorialsninja.tests.Register" name="verifyRegisteringAccountByCheckingThePasswordStandards" time="4.759">
    <failure type="java.lang.AssertionError" message="Password complexity error message is missing: This is a bug.">
      <![CDATA[java.lang.AssertionError: Password complexity error message is missing: This is a bug.
at tutorialsninja.tests.Register.verifyRegisteringAccountByCheckingThePasswordStandards(Register.java:591)
at java.base/java.util.ArrayList.forEach(ArrayList.java:1596)
... Removed 26 stack frames]]>
    </failure>
  </testcase> <!-- verifyRegisteringAccountByCheckingThePasswordStandards -->
  <testcase classname="tutorialsninja.tests.Register" name="verifyRegisteringAccountByCheckingThePasswordStandards" time="4.754">
    <failure type="java.lang.AssertionError" message="Password complexity error message is missing: This is a bug.">
      <![CDATA[java.lang.AssertionError: Password complexity error message is missing: This is a bug.
at tutorialsninja.tests.Register.verifyRegisteringAccountByCheckingThePasswordStandards(Register.java:591)
at java.base/java.util.ArrayList.forEach(ArrayList.java:1596)
... Removed 26 stack frames]]>
    </failure>
  </testcase> <!-- verifyRegisteringAccountByCheckingThePasswordStandards -->
  <testcase classname="tutorialsninja.tests.Register" name="verifyRegisteringAccountByCheckingThePasswordStandards" time="4.641">
    <failure type="java.lang.AssertionError" message="Password complexity error message is missing: This is a bug.">
      <![CDATA[java.lang.AssertionError: Password complexity error message is missing: This is a bug.
at tutorialsninja.tests.Register.verifyRegisteringAccountByCheckingThePasswordStandards(Register.java:591)
at java.base/java.util.ArrayList.forEach(ArrayList.java:1596)
... Removed 26 stack frames]]>
    </failure>
  </testcase> <!-- verifyRegisteringAccountByCheckingThePasswordStandards -->
  <testcase classname="tutorialsninja.tests.Register" name="verifyRegisteringAccountByCheckingThePasswordStandards" time="4.796">
    <failure type="java.lang.AssertionError" message="Password complexity error message is missing: This is a bug.">
      <![CDATA[java.lang.AssertionError: Password complexity error message is missing: This is a bug.
at tutorialsninja.tests.Register.verifyRegisteringAccountByCheckingThePasswordStandards(Register.java:591)
at java.base/java.util.ArrayList.forEach(ArrayList.java:1596)
... Removed 26 stack frames]]>
    </failure>
  </testcase> <!-- verifyRegisteringAccountByCheckingThePasswordStandards -->
  <testcase classname="tutorialsninja.tests.Register" name="verifyRegisteringAccountFielsHeightWidthAlignment" time="13.036">
    <failure type="java.lang.AssertionError" message="Password field accepts more than 20 characters! expected [true] but found [false]">
      <![CDATA[java.lang.AssertionError: Password field accepts more than 20 characters! expected [true] but found [false]
at tutorialsninja.tests.Register.verifyRegisteringAccountFielsHeightWidthAlignment(Register.java:720)
at java.base/java.util.ArrayList.forEach(ArrayList.java:1596)
... Removed 28 stack frames]]>
    </failure>
  </testcase> <!-- verifyRegisteringAccountFielsHeightWidthAlignment -->
  <testcase classname="tutorialsninja.tests.Register" name="verifyHeadingAndTrailingSpacesWhileRegisteringPage" time="14.064">
    <failure type="org.openqa.selenium.TimeoutException" message="Expected condition failed: waiting for visibility of Proxy element for: DefaultElementLocator &amp;apos;By.linkText: Logout&amp;apos; (tried for 10 second(s) with 500 milliseconds interval)">
      <![CDATA[org.openqa.selenium.TimeoutException: Expected condition failed: waiting for visibility of Proxy element for: DefaultElementLocator 'By.linkText: Logout' (tried for 10 second(s) with 500 milliseconds interval)
at org.openqa.selenium.support.ui.WebDriverWait.timeoutException(WebDriverWait.java:84)
at org.openqa.selenium.support.ui.FluentWait.until(FluentWait.java:228)
at Pages.AccountSuccessPage.isUserLoggedIn(AccountSuccessPage.java:39)
at tutorialsninja.tests.Register.verifyHeadingAndTrailingSpacesWhileRegisteringPage(Register.java:768)
at java.base/java.util.ArrayList.forEach(ArrayList.java:1596)
Caused by: org.openqa.selenium.NoSuchElementException: Unable to locate element: Logout
For documentation on this error, please visit: https://www.selenium.dev/documentation/webdriver/troubleshooting/errors#no-such-element-exception
Build info: version: '4.27.0', revision: 'd6e718d134'
System info: os.name: 'Windows 11', os.arch: 'amd64', os.version: '10.0', java.version: '21.0.3'
Driver info: org.openqa.selenium.firefox.FirefoxDriver
Command: [f50efc75-25d4-40c2-8da1-47ab4ae206ca, findElement {using=link text, value=Logout}]
Capabilities {acceptInsecureCerts: true, browserName: firefox, browserVersion: 103.0.2, moz:accessibilityChecks: false, moz:buildID: 20220808125904, moz:debuggerAddress: localhost:2617, moz:geckodriverVersion: 0.33.0, moz:headless: false, moz:platformVersion: 10.0, moz:processID: 6724, moz:profile: C:\Users\indra\AppData\Loca..., moz:shutdownTimeout: 60000, moz:useNonSpecCompliantPointerOrigin: false, moz:webdriverClick: true, moz:windowless: false, pageLoadStrategy: normal, platformName: windows, proxy: Proxy(), se:cdp: ws://localhost:2617/devtool..., se:cdpVersion: 85.0, setWindowRect: true, strictFileInteractability: false, timeouts: {implicit: 0, pageLoad: 300000, script: 30000}, unhandledPromptBehavior: dismiss and notify}
Session ID: f50efc75-25d4-40c2-8da1-47ab4ae206ca
at org.openqa.selenium.remote.ErrorCodec.decode(ErrorCodec.java:167)
at org.openqa.selenium.remote.codec.w3c.W3CHttpResponseCodec.decode(W3CHttpResponseCodec.java:138)
at org.openqa.selenium.remote.codec.w3c.W3CHttpResponseCodec.decode(W3CHttpResponseCodec.java:50)
at org.openqa.selenium.remote.HttpCommandExecutor.execute(HttpCommandExecutor.java:190)
at org.openqa.selenium.remote.service.DriverCommandExecutor.invokeExecute(DriverCommandExecutor.java:216)
at org.openqa.selenium.remote.service.DriverCommandExecutor.execute(DriverCommandExecutor.java:174)
at org.openqa.selenium.remote.RemoteWebDriver.execute(RemoteWebDriver.java:545)
at org.openqa.selenium.remote.ElementLocation$ElementFinder$2.findElement(ElementLocation.java:165)
at org.openqa.selenium.remote.ElementLocation.findElement(ElementLocation.java:59)
at org.openqa.selenium.remote.RemoteWebDriver.findElement(RemoteWebDriver.java:368)
at org.openqa.selenium.remote.RemoteWebDriver.findElement(RemoteWebDriver.java:362)
at org.openqa.selenium.support.pagefactory.DefaultElementLocator.findElement(DefaultElementLocator.java:68)
at org.openqa.selenium.support.pagefactory.internal.LocatingElementHandler.invoke(LocatingElementHandler.java:38)
at jdk.proxy2/jdk.proxy2.$Proxy13.isDisplayed(Unknown Source)
at org.openqa.selenium.support.ui.ExpectedConditions.elementIfVisible(ExpectedConditions.java:304)
at org.openqa.selenium.support.ui.ExpectedConditions$10.apply(ExpectedConditions.java:290)
at org.openqa.selenium.support.ui.ExpectedConditions$10.apply(ExpectedConditions.java:287)
at org.openqa.selenium.support.ui.FluentWait.until(FluentWait.java:203)
... 28 more
... Removed 28 stack frames]]>
    </failure>
  </testcase> <!-- verifyHeadingAndTrailingSpacesWhileRegisteringPage -->
  <testcase classname="tutorialsninja.tests.Register" name="verifyPrivacyPolicyFieldsOnRegisteringAccountPage" time="0.012"/>
  <testcase classname="tutorialsninja.tests.Register" name="verifyRegisteringAccountWithoutPrivacyPolicySelection" time="1.036"/>
  <testcase classname="tutorialsninja.tests.Register" name="verifyRegisteringAccountVisibilityTogglingOfPasswordFields" time="0.026"/>
  <testcase classname="tutorialsninja.tests.Register" name="verifyWorkingOfEveryLinkOnRegisterAccount" time="28.743"/>
  <testcase classname="tutorialsninja.tests.Register" name="verifyRegisteringAccountWithoutEnteringPasswordIntoPasswordConfirmField" time="1.06"/>
  <testcase classname="tutorialsninja.tests.Register" name="verifyBreadcrumbTitleHeadingRegisterAccount" time="0.052"/>
  <testcase classname="tutorialsninja.tests.Register" name="verifyUIOfRegisterAccountPage" time="0.596"/>
  <testcase classname="tutorialsninja.tests.Register" name="verifyRegisteringAccountInDifferentEnvironments" time="2.198"/>
</testsuite> <!-- Test -->
