<?xml version="1.0" encoding="UTF-8"?>
<!-- Generated by org.testng.reporters.JUnitXMLReporter -->
<testsuite ignored="0" hostname="Indra" failures="11" tests="51" name="Test" time="412.899" errors="0" timestamp="2025-03-01T00:22:51 IST">
  <testcase classname="tutorialsninja.tests.Login" name="verifyLoginWithValidCredentials" time="1.092"/>
  <testcase classname="tutorialsninja.tests.Login" name="verifyLoginWithInValidCredentials" time="0.888"/>
  <testcase classname="tutorialsninja.tests.Login" name="verifyLoginWithInvalidEmailAndValidPassword" time="0.877"/>
  <testcase classname="tutorialsninja.tests.Login" name="verifyLoginWithValidEmailAndInvalidPassword" time="0.77"/>
  <testcase classname="tutorialsninja.tests.Login" name="verifyLoginWithoutCredentials" time="0.686"/>
  <testcase classname="tutorialsninja.tests.Login" name="verifyForgottenPasswordLinkOnLoginPage" time="0.719"/>
  <testcase classname="tutorialsninja.tests.Login" name="verifyLoginUsingKeyboardTabs" time="4.457"/>
  <testcase classname="tutorialsninja.tests.Login" name="verifyPlaceholdersForEmailAndPasswordField" time="0.098"/>
  <testcase classname="tutorialsninja.tests.Login" name="verifyBrowserBackAfterLogin" time="1.202"/>
  <testcase classname="tutorialsninja.tests.Login" name="verifyLoggingOutAndBrowserBackAfterLogin" time="2.729"/>
  <testcase classname="tutorialsninja.tests.Login" name="verifyLoginWithInactiveCredentials" time="0.969"/>
  <testcase classname="tutorialsninja.tests.Login" name="verifyNumberOfUnsuccessfulLoginAttempts" time="3.808"/>
  <testcase classname="tutorialsninja.tests.Login" name="verifyTextEnteredIntoPasswordFieldIsToggledToHideVisibility" time="0.056"/>
  <testcase classname="tutorialsninja.tests.Login" name="verifyCopyingOfTextEnteredIntoPasswordField" time="0.452"/>
  <testcase classname="tutorialsninja.tests.Login" name="verifyPasswordIsVisibleInPageSource" time="0.811">
    <failure type="java.lang.AssertionError" message="expected [false] but found [true]">
      <![CDATA[java.lang.AssertionError: expected [false] but found [true]
at tutorialsninja.tests.Login.verifyPasswordIsVisibleInPageSource(Login.java:238)
at java.base/java.util.ArrayList.forEach(ArrayList.java:1596)
... Removed 29 stack frames]]>
    </failure>
  </testcase> <!-- verifyPasswordIsVisibleInPageSource -->
  <testcase classname="tutorialsninja.tests.Login" name="verifyLoginIntoApplicationAfterChangingPassword" time="4.478">
    <failure type="org.openqa.selenium.NoSuchElementException" message="no such element: Unable to locate element: {&amp;quot;method&amp;quot;:&amp;quot;link text&amp;quot;,&amp;quot;selector&amp;quot;:&amp;quot;Edit your account information&amp;quot;}
  (Session info: chrome=133.0.6943.127)
For documentation on this error, please visit: https://www.selenium.dev/documentation/webdriver/troubleshooting/errors#no-such-element-exception
Build info: version: &amp;apos;4.27.0&amp;apos;, revision: &amp;apos;d6e718d134&amp;apos;
System info: os.name: &amp;apos;Windows 11&amp;apos;, os.arch: &amp;apos;amd64&amp;apos;, os.version: &amp;apos;10.0&amp;apos;, java.version: &amp;apos;21.0.3&amp;apos;
Driver info: org.openqa.selenium.chrome.ChromeDriver
Command: [4b754b5e7173ea8e15c067f08abc0805, findElement {using=link text, value=Edit your account information}]
Capabilities {acceptInsecureCerts: false, browserName: chrome, browserVersion: 133.0.6943.127, chrome: {chromedriverVersion: 133.0.6943.141 (2a5d6da0d61..., userDataDir: C:\Users\indra\AppData\Loca...}, fedcm:accounts: true, goog:chromeOptions: {debuggerAddress: localhost:51452}, networkConnectionEnabled: false, pageLoadStrategy: normal, platformName: windows, proxy: Proxy(), se:cdp: ws://localhost:51452/devtoo..., se:cdpVersion: 133.0.6943.127, setWindowRect: true, strictFileInteractability: false, timeouts: {implicit: 0, pageLoad: 300000, script: 30000}, unhandledPromptBehavior: dismiss and notify, webauthn:extension:credBlob: true, webauthn:extension:largeBlob: true, webauthn:extension:minPinLength: true, webauthn:extension:prf: true, webauthn:virtualAuthenticators: true}
Session ID: 4b754b5e7173ea8e15c067f08abc0805">
      <![CDATA[org.openqa.selenium.NoSuchElementException: no such element: Unable to locate element: {"method":"link text","selector":"Edit your account information"}
  (Session info: chrome=133.0.6943.127)
For documentation on this error, please visit: https://www.selenium.dev/documentation/webdriver/troubleshooting/errors#no-such-element-exception
Build info: version: '4.27.0', revision: 'd6e718d134'
System info: os.name: 'Windows 11', os.arch: 'amd64', os.version: '10.0', java.version: '21.0.3'
Driver info: org.openqa.selenium.chrome.ChromeDriver
Command: [4b754b5e7173ea8e15c067f08abc0805, findElement {using=link text, value=Edit your account information}]
Capabilities {acceptInsecureCerts: false, browserName: chrome, browserVersion: 133.0.6943.127, chrome: {chromedriverVersion: 133.0.6943.141 (2a5d6da0d61..., userDataDir: C:\Users\indra\AppData\Loca...}, fedcm:accounts: true, goog:chromeOptions: {debuggerAddress: localhost:51452}, networkConnectionEnabled: false, pageLoadStrategy: normal, platformName: windows, proxy: Proxy(), se:cdp: ws://localhost:51452/devtoo..., se:cdpVersion: 133.0.6943.127, setWindowRect: true, strictFileInteractability: false, timeouts: {implicit: 0, pageLoad: 300000, script: 30000}, unhandledPromptBehavior: dismiss and notify, webauthn:extension:credBlob: true, webauthn:extension:largeBlob: true, webauthn:extension:minPinLength: true, webauthn:extension:prf: true, webauthn:virtualAuthenticators: true}
Session ID: 4b754b5e7173ea8e15c067f08abc0805
at org.openqa.selenium.remote.ErrorCodec.decode(ErrorCodec.java:167)
at org.openqa.selenium.remote.codec.w3c.W3CHttpResponseCodec.decode(W3CHttpResponseCodec.java:138)
at org.openqa.selenium.remote.codec.w3c.W3CHttpResponseCodec.decode(W3CHttpResponseCodec.java:50)
at org.openqa.selenium.remote.HttpCommandExecutor.execute(HttpCommandExecutor.java:190)
at org.openqa.selenium.remote.service.DriverCommandExecutor.invokeExecute(DriverCommandExecutor.java:216)
at org.openqa.selenium.remote.service.DriverCommandExecutor.execute(DriverCommandExecutor.java:174)
at org.openqa.selenium.remote.RemoteWebDriver.execute(RemoteWebDriver.java:545)
at org.openqa.selenium.remote.ElementLocation$ElementFinder$2.findElement(ElementLocation.java:165)
at org.openqa.selenium.remote.ElementLocation.findElement(ElementLocation.java:59)
at org.openqa.selenium.remote.RemoteWebDriver.findElement(RemoteWebDriver.java:368)
at org.openqa.selenium.remote.RemoteWebDriver.findElement(RemoteWebDriver.java:362)
at org.openqa.selenium.support.pagefactory.DefaultElementLocator.findElement(DefaultElementLocator.java:68)
at org.openqa.selenium.support.pagefactory.internal.LocatingElementHandler.invoke(LocatingElementHandler.java:38)
at jdk.proxy2/jdk.proxy2.$Proxy13.isDisplayed(Unknown Source)
at Pages.AccountPage.didWeNavigateToAccountPage(AccountPage.java:50)
at tutorialsninja.tests.Login.verifyLoginIntoApplicationAfterChangingPassword(Login.java:250)
at java.base/java.util.ArrayList.forEach(ArrayList.java:1596)
... Removed 28 stack frames]]>
    </failure>
  </testcase> <!-- verifyLoginIntoApplicationAfterChangingPassword -->
  <testcase classname="tutorialsninja.tests.Login" name="verifyNavigateToDifferentPagesFromLoginPage" time="28.521"/>
  <testcase classname="tutorialsninja.tests.Login" name="verifyDifferentWaysOfNavigatingToLoginPage" time="2.688"/>
  <testcase classname="tutorialsninja.tests.Login" name="verifyBreadcrumbPageHeadingTitleOnLoginPage" time="0.134"/>
  <testcase classname="tutorialsninja.tests.Login" name="verifyUIOfLoginPage" time="0.487"/>
  <testcase classname="tutorialsninja.tests.Login" name="verifyLoginInAllEnvironments" time="1.33"/>
  <testcase classname="tutorialsninja.tests.Register" name="RegisterWithMandatoryFeilds" time="2.534"/>
  <testcase classname="tutorialsninja.tests.Register" name="verifyRegisterWithAllFeilds" time="2.777"/>
  <testcase classname="tutorialsninja.tests.Register" name="verifyRegisteringWithoutFillingFeilds" time="0.743"/>
  <testcase classname="tutorialsninja.tests.Register" name="verifyRegisteringAccountSayingYesToNewsLetter" time="3.652"/>
  <testcase classname="tutorialsninja.tests.Register" name="verifyRegisteringAccountSayingNoToNewsLetter" time="3.723"/>
  <testcase classname="tutorialsninja.tests.Register" name="verifyNavigatingToRegisterAccountPageWithMultipleWays" time="2.92"/>
  <testcase classname="tutorialsninja.tests.Register" name="verifyRegisteringAccountByProvidingMismatchingPasswords" time="1.504"/>
  <testcase classname="tutorialsninja.tests.Register" name="verifyRegisteringAccountByProvidingExistingEmail" time="1.496"/>
  <testcase classname="tutorialsninja.tests.Register" name="verifyRegisteringAccountUsingInvalidEmails" time="4.603">
    <failure type="java.lang.AssertionError" message="expected [false] but found [true]">
      <![CDATA[java.lang.AssertionError: expected [false] but found [true]
at tutorialsninja.tests.Register.verifyRegisteringAccountUsingInvalidEmails(Register.java:301)
at java.base/java.util.ArrayList.forEach(ArrayList.java:1596)
... Removed 29 stack frames]]>
    </failure>
  </testcase> <!-- verifyRegisteringAccountUsingInvalidEmails -->
  <testcase classname="tutorialsninja.tests.Register" name="verifyRegisteringAccountByProvidingInvalidTelephone" time="4.764">
    <failure type="java.lang.AssertionError" message="Telephone number does not appear to be valid message is missing: This is a bug.">
      <![CDATA[java.lang.AssertionError: Telephone number does not appear to be valid message is missing: This is a bug.
at tutorialsninja.tests.Register.verifyRegisteringAccountByProvidingInvalidTelephone(Register.java:418)
at java.base/java.util.ArrayList.forEach(ArrayList.java:1596)
... Removed 26 stack frames]]>
    </failure>
  </testcase> <!-- verifyRegisteringAccountByProvidingInvalidTelephone -->
  <testcase classname="tutorialsninja.tests.Register" name="verifyRegisteringAccountByProvidingEntriesUsingKeyboardActions" time="12.107"/>
  <testcase classname="tutorialsninja.tests.Register" name="verifyPlaceholdersOfTextFieldsInRegisterAccountPage" time="0.228"/>
  <testcase classname="tutorialsninja.tests.Register" name="verifyMandatoryFieldsInRegisterAccountPage" time="0.236"/>
  <testcase classname="tutorialsninja.tests.Register" name="verifyDatabaseTestingOfRegisteringAccount" time="1.197">
    <failure type="java.lang.AssertionError" message="expected [Your Account Has Been Created!] but found [Register Account]">
      <![CDATA[java.lang.AssertionError: expected [Your Account Has Been Created!] but found [Register Account]
at tutorialsninja.tests.Register.verifyDatabaseTestingOfRegisteringAccount(Register.java:524)
at java.base/java.util.ArrayList.forEach(ArrayList.java:1596)
... Removed 31 stack frames]]>
    </failure>
  </testcase> <!-- verifyDatabaseTestingOfRegisteringAccount -->
  <testcase classname="tutorialsninja.tests.Register" name="verifyRegisteringAccountByProvidingOnlySpace" time="1.538"/>
  <testcase classname="tutorialsninja.tests.Register" name="verifyRegisteringAccountByCheckingThePasswordStandards" time="4.808">
    <failure type="java.lang.AssertionError" message="Password complexity error message is missing: This is a bug.">
      <![CDATA[java.lang.AssertionError: Password complexity error message is missing: This is a bug.
at tutorialsninja.tests.Register.verifyRegisteringAccountByCheckingThePasswordStandards(Register.java:591)
at java.base/java.util.ArrayList.forEach(ArrayList.java:1596)
... Removed 26 stack frames]]>
    </failure>
  </testcase> <!-- verifyRegisteringAccountByCheckingThePasswordStandards -->
  <testcase classname="tutorialsninja.tests.Register" name="verifyRegisteringAccountByCheckingThePasswordStandards" time="4.792">
    <failure type="java.lang.AssertionError" message="Password complexity error message is missing: This is a bug.">
      <![CDATA[java.lang.AssertionError: Password complexity error message is missing: This is a bug.
at tutorialsninja.tests.Register.verifyRegisteringAccountByCheckingThePasswordStandards(Register.java:591)
at java.base/java.util.ArrayList.forEach(ArrayList.java:1596)
... Removed 26 stack frames]]>
    </failure>
  </testcase> <!-- verifyRegisteringAccountByCheckingThePasswordStandards -->
  <testcase classname="tutorialsninja.tests.Register" name="verifyRegisteringAccountByCheckingThePasswordStandards" time="4.8">
    <failure type="java.lang.AssertionError" message="Password complexity error message is missing: This is a bug.">
      <![CDATA[java.lang.AssertionError: Password complexity error message is missing: This is a bug.
at tutorialsninja.tests.Register.verifyRegisteringAccountByCheckingThePasswordStandards(Register.java:591)
at java.base/java.util.ArrayList.forEach(ArrayList.java:1596)
... Removed 26 stack frames]]>
    </failure>
  </testcase> <!-- verifyRegisteringAccountByCheckingThePasswordStandards -->
  <testcase classname="tutorialsninja.tests.Register" name="verifyRegisteringAccountByCheckingThePasswordStandards" time="5.076">
    <failure type="java.lang.AssertionError" message="Password complexity error message is missing: This is a bug.">
      <![CDATA[java.lang.AssertionError: Password complexity error message is missing: This is a bug.
at tutorialsninja.tests.Register.verifyRegisteringAccountByCheckingThePasswordStandards(Register.java:591)
at java.base/java.util.ArrayList.forEach(ArrayList.java:1596)
... Removed 26 stack frames]]>
    </failure>
  </testcase> <!-- verifyRegisteringAccountByCheckingThePasswordStandards -->
  <testcase classname="tutorialsninja.tests.Register" name="verifyRegisteringAccountByCheckingThePasswordStandards" time="5.187">
    <failure type="java.lang.AssertionError" message="Password complexity error message is missing: This is a bug.">
      <![CDATA[java.lang.AssertionError: Password complexity error message is missing: This is a bug.
at tutorialsninja.tests.Register.verifyRegisteringAccountByCheckingThePasswordStandards(Register.java:591)
at java.base/java.util.ArrayList.forEach(ArrayList.java:1596)
... Removed 26 stack frames]]>
    </failure>
  </testcase> <!-- verifyRegisteringAccountByCheckingThePasswordStandards -->
  <testcase classname="tutorialsninja.tests.Register" name="verifyRegisteringAccountFielsHeightWidthAlignment" time="13.02">
    <failure type="java.lang.AssertionError" message="Password field accepts more than 20 characters! expected [true] but found [false]">
      <![CDATA[java.lang.AssertionError: Password field accepts more than 20 characters! expected [true] but found [false]
at tutorialsninja.tests.Register.verifyRegisteringAccountFielsHeightWidthAlignment(Register.java:720)
at java.base/java.util.ArrayList.forEach(ArrayList.java:1596)
... Removed 28 stack frames]]>
    </failure>
  </testcase> <!-- verifyRegisteringAccountFielsHeightWidthAlignment -->
  <testcase classname="tutorialsninja.tests.Register" name="verifyHeadingAndTrailingSpacesWhileRegisteringPage" time="2.713"/>
  <testcase classname="tutorialsninja.tests.Register" name="verifyPrivacyPolicyFieldsOnRegisteringAccountPage" time="0.101"/>
  <testcase classname="tutorialsninja.tests.Register" name="verifyRegisteringAccountWithoutPrivacyPolicySelection" time="1.17"/>
  <testcase classname="tutorialsninja.tests.Register" name="verifyRegisteringAccountVisibilityTogglingOfPasswordFields" time="0.121"/>
  <testcase classname="tutorialsninja.tests.Register" name="verifyWorkingOfEveryLinkOnRegisterAccount" time="26.655"/>
  <testcase classname="tutorialsninja.tests.Register" name="verifyRegisteringAccountWithoutEnteringPasswordIntoPasswordConfirmField" time="1.507"/>
  <testcase classname="tutorialsninja.tests.Register" name="verifyBreadcrumbTitleHeadingRegisterAccount" time="0.105"/>
  <testcase classname="tutorialsninja.tests.Register" name="verifyUIOfRegisterAccountPage" time="0.791"/>
  <testcase classname="tutorialsninja.tests.Register" name="verifyRegisteringAccountInDifferentEnvironments" time="2.344"/>
</testsuite> <!-- Test -->
