<?xml version="1.0" encoding="UTF-8"?>
<testng-results ignored="4" total="5" passed="1" failed="0" skipped="0">
  <reporter-output>
  </reporter-output>
  <suite started-at="2025-03-13T01:29:47 IST" name="Default suite" finished-at="2025-03-13T01:29:52 IST" duration-ms="4922">
    <groups>
    </groups>
    <test started-at="2025-03-13T01:29:47 IST" name="Default test" finished-at="2025-03-13T01:29:52 IST" duration-ms="4922">
      <class name="tutorialsninja.tests.Search">
        <test-method is-config="true" signature="setup()[pri:0, instance:tutorialsninja.tests.Search@3bb9a3ff]" started-at="2025-03-13T01:29:47 IST" name="setup" finished-at="2025-03-13T01:29:51 IST" duration-ms="3758" status="PASS">
          <reporter-output>
          </reporter-output>
        </test-method> <!-- setup -->
        <test-method signature="verifySearchResultingMultipleProducts()[pri:5, instance:tutorialsninja.tests.Search@3bb9a3ff]" started-at="2025-03-13T01:29:51 IST" name="verifySearchResultingMultipleProducts" finished-at="2025-03-13T01:29:52 IST" duration-ms="924" status="PASS">
          <reporter-output>
          </reporter-output>
        </test-method> <!-- verifySearchResultingMultipleProducts -->
        <test-method is-config="true" signature="tearDown()[pri:0, instance:tutorialsninja.tests.Search@3bb9a3ff]" started-at="2025-03-13T01:29:52 IST" name="tearDown" finished-at="2025-03-13T01:29:52 IST" duration-ms="197" status="PASS">
          <reporter-output>
          </reporter-output>
        </test-method> <!-- tearDown -->
      </class> <!-- tutorialsninja.tests.Search -->
    </test> <!-- Default test -->
  </suite> <!-- Default suite -->
</testng-results>
